<?xml version="1.0" encoding="UTF-8"?>
<testsuite xmlns:xsi="http://www.w3.org/2001/XMLSchema-instance" xsi:noNamespaceSchemaLocation="https://maven.apache.org/surefire/maven-surefire-plugin/xsd/surefire-test-report.xsd" name="agend932.AppTest" time="0.047" tests="1" errors="0" skipped="0" failures="0">
  <properties>
    <property name="java.specification.version" value="15"/>
    <property name="sun.jnu.encoding" value="UTF-8"/>
    <property name="java.class.path" value="/home/students.kutztown.edu/agend932/public_html/csc521/MetaCriticsScrapper/target/test-classes:/home/students.kutztown.edu/agend932/public_html/csc521/MetaCriticsScrapper/target/classes:/home/students.kutztown.edu/agend932/.m2/repository/junit/junit/4.11/junit-4.11.jar:/home/students.kutztown.edu/agend932/.m2/repository/org/hamcrest/hamcrest-core/1.3/hamcrest-core-1.3.jar:/home/students.kutztown.edu/agend932/.m2/repository/javax/servlet/javax.servlet-api/4.0.1/javax.servlet-api-4.0.1.jar:/home/students.kutztown.edu/agend932/.m2/repository/org/jsoup/jsoup/1.16.2/jsoup-1.16.2.jar:/home/students.kutztown.edu/agend932/.m2/repository/com/google/code/gson/gson/2.8.8/gson-2.8.8.jar:"/>
    <property name="java.vm.vendor" value="Oracle Corporation"/>
    <property name="sun.arch.data.model" value="64"/>
    <property name="java.vendor.url" value="https://java.oracle.com/"/>
    <property name="os.name" value="Linux"/>
    <property name="java.vm.specification.version" value="15"/>
    <property name="sun.java.launcher" value="SUN_STANDARD"/>
    <property name="user.country" value="US"/>
    <property name="sun.boot.library.path" value="/usr/java/jdk-15.0.1/lib"/>
    <property name="sun.java.command" value="/home/students.kutztown.edu/agend932/public_html/csc521/MetaCriticsScrapper/target/surefire/surefirebooter13050251226022883262.jar /home/students.kutztown.edu/agend932/public_html/csc521/MetaCriticsScrapper/target/surefire 2023-10-29T00-03-35_316-jvmRun1 surefire6673485202855769946tmp surefire_010658932233921767347tmp"/>
    <property name="jdk.debug" value="release"/>
    <property name="surefire.test.class.path" value="/home/students.kutztown.edu/agend932/public_html/csc521/MetaCriticsScrapper/target/test-classes:/home/students.kutztown.edu/agend932/public_html/csc521/MetaCriticsScrapper/target/classes:/home/students.kutztown.edu/agend932/.m2/repository/junit/junit/4.11/junit-4.11.jar:/home/students.kutztown.edu/agend932/.m2/repository/org/hamcrest/hamcrest-core/1.3/hamcrest-core-1.3.jar:/home/students.kutztown.edu/agend932/.m2/repository/javax/servlet/javax.servlet-api/4.0.1/javax.servlet-api-4.0.1.jar:/home/students.kutztown.edu/agend932/.m2/repository/org/jsoup/jsoup/1.16.2/jsoup-1.16.2.jar:/home/students.kutztown.edu/agend932/.m2/repository/com/google/code/gson/gson/2.8.8/gson-2.8.8.jar:"/>
    <property name="sun.cpu.endian" value="little"/>
    <property name="user.home" value="/home/students.kutztown.edu/agend932"/>
    <property name="user.language" value="en"/>
    <property name="java.specification.vendor" value="Oracle Corporation"/>
    <property name="java.version.date" value="2020-10-20"/>
    <property name="java.home" value="/usr/java/jdk-15.0.1"/>
    <property name="file.separator" value="/"/>
    <property name="basedir" value="/home/students.kutztown.edu/agend932/public_html/csc521/MetaCriticsScrapper"/>
    <property name="java.vm.compressedOopsMode" value="Zero based"/>
    <property name="line.separator" value="&#10;"/>
    <property name="java.vm.specification.vendor" value="Oracle Corporation"/>
    <property name="java.specification.name" value="Java Platform API Specification"/>
    <property name="surefire.real.class.path" value="/home/students.kutztown.edu/agend932/public_html/csc521/MetaCriticsScrapper/target/surefire/surefirebooter13050251226022883262.jar"/>
    <property name="sun.management.compiler" value="HotSpot 64-Bit Tiered Compilers"/>
    <property name="java.runtime.version" value="15.0.1+9-18"/>
    <property name="user.name" value="agend932"/>
    <property name="path.separator" value=":"/>
    <property name="os.version" value="3.10.0-1160.95.1.el7.x86_64"/>
    <property name="java.runtime.name" value="Java(TM) SE Runtime Environment"/>
    <property name="file.encoding" value="UTF-8"/>
    <property name="java.vm.name" value="Java HotSpot(TM) 64-Bit Server VM"/>
    <property name="localRepository" value="/home/students.kutztown.edu/agend932/.m2/repository"/>
    <property name="java.vendor.url.bug" value="https://bugreport.java.com/bugreport/"/>
    <property name="java.io.tmpdir" value="/tmp"/>
    <property name="java.version" value="15.0.1"/>
    <property name="user.dir" value="/home/students.kutztown.edu/agend932/public_html/csc521/MetaCriticsScrapper"/>
    <property name="os.arch" value="amd64"/>
    <property name="java.vm.specification.name" value="Java Virtual Machine Specification"/>
    <property name="java.library.path" value="/opt/gcc-8.3.0/lib64/:/usr/lib/oracle/19.3/client64/lib:/usr/java/packages/lib:/usr/lib64:/lib64:/lib:/usr/lib"/>
    <property name="java.vm.info" value="mixed mode, sharing"/>
    <property name="java.vendor" value="Oracle Corporation"/>
    <property name="java.vm.version" value="15.0.1+9-18"/>
    <property name="sun.io.unicode.encoding" value="UnicodeLittle"/>
    <property name="java.class.version" value="59.0"/>
  </properties>
  <testcase name="shouldAnswerWithTrue" classname="agend932.AppTest" time="0.003"/>
</testsuite>